2026-04-22 08:58:15 INFO  com.myntra.hooks.Hooks - Browser is opened..!
2026-04-22 08:58:21 INFO  com.myntra.hooks.Hooks - url is launched..!
2026-04-22 08:58:22 INFO  com.myntra.hooks.Hooks - Successfully click on ProfileIcon
2026-04-22 08:58:26 INFO  com.myntra.hooks.Hooks - Successfully click On ordersIcon
2026-04-22 08:58:26 INFO  com.myntra.hooks.Hooks - user redirected on the login page when Tries to see orders ist without login
2026-04-22 08:58:27 INFO  com.myntra.hooks.Hooks - Driver is Quit successfully....!
2026-04-22 09:01:19 INFO  com.myntra.hooks.Hooks - Browser is opened..!
2026-04-22 09:01:22 INFO  com.myntra.hooks.Hooks - Browser is opened..!
2026-04-22 09:01:24 INFO  com.myntra.tests.HomepageTest - Successfully click on ProfileIcon
2026-04-22 09:01:28 INFO  com.myntra.tests.HomepageTest - Successfully click On ordersIcon
2026-04-22 09:01:28 INFO  com.myntra.tests.HomepageTest - user redirected on the login page when Tries to see orders ist without login
2026-04-22 09:01:30 INFO  com.myntra.hooks.Hooks - Driver Quit successfully......!
2026-04-22 09:19:59 INFO  com.myntra.hooks.Hooks - Browser is opened..!
2026-04-22 09:20:03 INFO  com.myntra.hooks.Hooks - url is launched..!
2026-04-22 09:20:11 INFO  com.myntra.hooks.Hooks - Search for the various products like:lipstick
2026-04-22 09:20:12 INFO  com.myntra.hooks.Hooks - products are displayed
2026-04-22 09:20:14 INFO  com.myntra.hooks.Hooks - Driver is Quit successfully....!
2026-04-22 09:20:17 INFO  com.myntra.hooks.Hooks - Browser is opened..!
2026-04-22 09:20:21 INFO  com.myntra.hooks.Hooks - url is launched..!
2026-04-22 09:20:28 INFO  com.myntra.hooks.Hooks - Search for the various products like:foundation
2026-04-22 09:20:29 INFO  com.myntra.hooks.Hooks - products are displayed
2026-04-22 09:20:30 INFO  com.myntra.hooks.Hooks - Driver is Quit successfully....!
2026-04-22 09:20:33 INFO  com.myntra.hooks.Hooks - Browser is opened..!
2026-04-22 09:20:33 INFO  com.myntra.hooks.Hooks - url is launched..!
2026-04-22 09:20:42 INFO  com.myntra.hooks.Hooks - Search for the various products like:shampoo
2026-04-22 09:20:42 INFO  com.myntra.hooks.Hooks - products are displayed
2026-04-22 09:20:43 INFO  com.myntra.hooks.Hooks - Driver is Quit successfully....!
2026-04-22 09:20:46 INFO  com.myntra.hooks.Hooks - Browser is opened..!
2026-04-22 09:20:51 INFO  com.myntra.hooks.Hooks - url is launched..!
2026-04-22 09:20:55 INFO  com.myntra.hooks.Hooks - Search for the various products like:perfume
2026-04-22 09:20:55 INFO  com.myntra.hooks.Hooks - products are displayed
2026-04-22 09:20:57 INFO  com.myntra.hooks.Hooks - Driver is Quit successfully....!
2026-04-22 09:20:59 INFO  com.myntra.hooks.Hooks - Browser is opened..!
2026-04-22 09:21:05 INFO  com.myntra.hooks.Hooks - url is launched..!
2026-04-22 09:21:09 INFO  com.myntra.hooks.Hooks - Search for the various products like:eyeliner
2026-04-22 09:21:09 INFO  com.myntra.hooks.Hooks - products are displayed
2026-04-22 09:21:10 INFO  com.myntra.hooks.Hooks - Driver is Quit successfully....!
2026-04-22 09:21:12 INFO  com.myntra.hooks.Hooks - Browser is opened..!
2026-04-22 09:21:16 INFO  com.myntra.hooks.Hooks - url is launched..!
2026-04-22 09:21:22 INFO  com.myntra.hooks.Hooks - Search for the various products like:facewash
2026-04-22 09:21:22 INFO  com.myntra.hooks.Hooks - products are displayed
2026-04-22 09:21:23 INFO  com.myntra.hooks.Hooks - Driver is Quit successfully....!
2026-04-22 09:21:25 INFO  com.myntra.hooks.Hooks - Browser is opened..!
2026-04-22 09:21:30 INFO  com.myntra.hooks.Hooks - url is launched..!
2026-04-22 09:21:35 INFO  com.myntra.hooks.Hooks - Search for the various products like:moisturizer
2026-04-22 09:21:35 INFO  com.myntra.hooks.Hooks - products are displayed
2026-04-22 09:21:36 INFO  com.myntra.hooks.Hooks - Driver is Quit successfully....!
2026-04-22 09:21:38 INFO  com.myntra.hooks.Hooks - Browser is opened..!
2026-04-22 09:21:44 INFO  com.myntra.hooks.Hooks - url is launched..!
2026-04-22 09:21:49 INFO  com.myntra.hooks.Hooks - Search for the various products like:hair oil
2026-04-22 09:21:49 INFO  com.myntra.hooks.Hooks - products are displayed
2026-04-22 09:21:50 INFO  com.myntra.hooks.Hooks - Driver is Quit successfully....!
2026-04-22 09:21:52 INFO  com.myntra.hooks.Hooks - Browser is opened..!
2026-04-22 09:21:57 INFO  com.myntra.hooks.Hooks - url is launched..!
2026-04-22 09:22:03 INFO  com.myntra.hooks.Hooks - Search for the various products like:sunscreen
2026-04-22 09:22:03 INFO  com.myntra.hooks.Hooks - products are displayed
2026-04-22 09:22:04 INFO  com.myntra.hooks.Hooks - Driver is Quit successfully....!
2026-04-22 09:22:07 INFO  com.myntra.hooks.Hooks - Browser is opened..!
2026-04-22 09:22:13 INFO  com.myntra.hooks.Hooks - url is launched..!
2026-04-22 09:22:18 INFO  com.myntra.hooks.Hooks - Search for the various products like:body lotion
2026-04-22 09:22:18 INFO  com.myntra.hooks.Hooks - products are displayed
2026-04-22 09:22:18 INFO  com.myntra.hooks.Hooks - Driver is Quit successfully....!
2026-04-22 09:22:21 INFO  com.myntra.hooks.Hooks - Browser is opened..!
2026-04-22 09:22:26 INFO  com.myntra.hooks.Hooks - url is launched..!
2026-04-22 09:22:33 INFO  com.myntra.hooks.Hooks - Search for the various products like:nail polish
2026-04-22 09:22:33 INFO  com.myntra.hooks.Hooks - products are displayed
2026-04-22 09:22:37 INFO  com.myntra.hooks.Hooks - Driver is Quit successfully....!
2026-04-22 09:22:39 INFO  com.myntra.hooks.Hooks - Browser is opened..!
2026-04-22 09:22:46 INFO  com.myntra.hooks.Hooks - url is launched..!
2026-04-22 09:22:51 INFO  com.myntra.hooks.Hooks - Search for the various products like:mascara
2026-04-22 09:22:52 INFO  com.myntra.hooks.Hooks - products are displayed
2026-04-22 09:22:53 INFO  com.myntra.hooks.Hooks - Driver is Quit successfully....!
2026-04-22 09:22:55 INFO  com.myntra.hooks.Hooks - Browser is opened..!
2026-04-22 09:22:58 INFO  com.myntra.hooks.Hooks - url is launched..!
2026-04-22 09:23:05 INFO  com.myntra.hooks.Hooks - Search for the various products like:concealer
2026-04-22 09:23:05 INFO  com.myntra.hooks.Hooks - products are displayed
2026-04-22 09:23:06 INFO  com.myntra.hooks.Hooks - Driver is Quit successfully....!
2026-04-22 09:23:08 INFO  com.myntra.hooks.Hooks - Browser is opened..!
2026-04-22 09:23:13 INFO  com.myntra.hooks.Hooks - url is launched..!
2026-04-22 09:23:17 INFO  com.myntra.hooks.Hooks - Search for the various products like:blush
2026-04-22 09:23:17 INFO  com.myntra.hooks.Hooks - products are displayed
2026-04-22 09:23:18 INFO  com.myntra.hooks.Hooks - Driver is Quit successfully....!
2026-04-22 09:23:21 INFO  com.myntra.hooks.Hooks - Browser is opened..!
2026-04-22 09:23:27 INFO  com.myntra.hooks.Hooks - url is launched..!
2026-04-22 09:23:32 INFO  com.myntra.hooks.Hooks - Search for the various products like:eyeshadow
2026-04-22 09:23:33 INFO  com.myntra.hooks.Hooks - products are displayed
2026-04-22 09:23:34 INFO  com.myntra.hooks.Hooks - Driver is Quit successfully....!
2026-04-22 09:23:36 INFO  com.myntra.hooks.Hooks - Browser is opened..!
2026-04-22 09:23:40 INFO  com.myntra.hooks.Hooks - url is launched..!
2026-04-22 09:23:47 INFO  com.myntra.hooks.Hooks - Driver is Quit successfully....!
2026-04-22 09:23:49 INFO  com.myntra.hooks.Hooks - Browser is opened..!
2026-04-22 09:23:53 INFO  com.myntra.hooks.Hooks - url is launched..!
2026-04-22 09:24:00 INFO  com.myntra.hooks.Hooks - Driver is Quit successfully....!
2026-04-22 09:24:02 INFO  com.myntra.hooks.Hooks - Browser is opened..!
2026-04-22 09:24:08 INFO  com.myntra.hooks.Hooks - url is launched..!
2026-04-22 09:24:14 INFO  com.myntra.hooks.Hooks - Driver is Quit successfully....!
2026-04-22 09:24:16 INFO  com.myntra.hooks.Hooks - Browser is opened..!
2026-04-22 09:24:22 INFO  com.myntra.hooks.Hooks - url is launched..!
2026-04-22 09:24:24 INFO  com.myntra.hooks.Hooks - Driver is Quit successfully....!
2026-04-22 09:24:26 INFO  com.myntra.hooks.Hooks - Browser is opened..!
2026-04-22 09:24:27 INFO  com.myntra.hooks.Hooks - url is launched..!
2026-04-22 09:24:35 INFO  com.myntra.hooks.Hooks - user redirected on the login page when Tries to see WishList without Login
2026-04-22 09:24:36 INFO  com.myntra.hooks.Hooks - Driver is Quit successfully....!
2026-04-22 09:24:38 INFO  com.myntra.hooks.Hooks - Browser is opened..!
2026-04-22 09:24:39 INFO  com.myntra.hooks.Hooks - url is launched..!
2026-04-22 09:24:44 INFO  com.myntra.hooks.Hooks - Successfully click on ProfileIcon
2026-04-22 09:24:47 INFO  com.myntra.hooks.Hooks - Successfully click On ordersIcon
2026-04-22 09:24:47 INFO  com.myntra.hooks.Hooks - user redirected on the login page when Tries to see orders ist without login
2026-04-22 09:24:48 INFO  com.myntra.hooks.Hooks - Driver is Quit successfully....!
2026-04-22 09:24:51 INFO  com.myntra.hooks.Hooks - Browser is opened..!
2026-04-22 09:24:51 INFO  com.myntra.hooks.Hooks - url is launched..!
2026-04-22 09:25:02 INFO  com.myntra.hooks.Hooks - Received colour in step definition: 'White'
2026-04-22 09:25:06 INFO  com.myntra.hooks.Hooks - colour filter applied successfully....!!!1White
2026-04-22 09:25:07 INFO  com.myntra.hooks.Hooks - Driver is Quit successfully....!
2026-04-22 09:25:09 INFO  com.myntra.hooks.Hooks - Browser is opened..!
2026-04-22 09:25:14 INFO  com.myntra.hooks.Hooks - url is launched..!
2026-04-22 09:25:21 INFO  com.myntra.hooks.Hooks - Received colour in step definition: 'Black'
2026-04-22 09:25:24 INFO  com.myntra.hooks.Hooks - colour filter applied successfully....!!!1Black
2026-04-22 09:25:25 INFO  com.myntra.hooks.Hooks - Driver is Quit successfully....!
2026-04-22 09:25:28 INFO  com.myntra.hooks.Hooks - Browser is opened..!
2026-04-22 09:25:32 INFO  com.myntra.hooks.Hooks - url is launched..!
2026-04-22 09:27:11 INFO  com.myntra.hooks.Hooks - Browser is opened..!
2026-04-22 09:27:17 INFO  com.myntra.hooks.Hooks - url is launched..!
2026-04-22 09:27:25 INFO  com.myntra.hooks.Hooks - Search for the various products like:lipstick
2026-04-22 09:27:25 INFO  com.myntra.hooks.Hooks - products are displayed
2026-04-22 09:27:26 INFO  com.myntra.hooks.Hooks - Driver is Quit successfully....!
2026-04-22 09:27:29 INFO  com.myntra.hooks.Hooks - Browser is opened..!
2026-04-22 09:27:35 INFO  com.myntra.hooks.Hooks - url is launched..!
2026-04-22 09:27:41 INFO  com.myntra.hooks.Hooks - Search for the various products like:foundation
2026-04-22 09:27:41 INFO  com.myntra.hooks.Hooks - products are displayed
2026-04-22 09:27:42 INFO  com.myntra.hooks.Hooks - Driver is Quit successfully....!
2026-04-22 09:27:45 INFO  com.myntra.hooks.Hooks - Browser is opened..!
2026-04-22 09:27:49 INFO  com.myntra.hooks.Hooks - url is launched..!
2026-04-22 09:27:54 INFO  com.myntra.hooks.Hooks - Search for the various products like:shampoo
2026-04-22 09:27:54 INFO  com.myntra.hooks.Hooks - products are displayed
2026-04-22 09:27:56 INFO  com.myntra.hooks.Hooks - Driver is Quit successfully....!
2026-04-22 09:27:58 INFO  com.myntra.hooks.Hooks - Browser is opened..!
2026-04-22 09:28:03 INFO  com.myntra.hooks.Hooks - url is launched..!
2026-04-22 09:28:07 INFO  com.myntra.hooks.Hooks - Search for the various products like:perfume
2026-04-22 09:28:07 INFO  com.myntra.hooks.Hooks - products are displayed
2026-04-22 09:28:09 INFO  com.myntra.hooks.Hooks - Driver is Quit successfully....!
2026-04-22 09:28:11 INFO  com.myntra.hooks.Hooks - Browser is opened..!
2026-04-22 09:28:17 INFO  com.myntra.hooks.Hooks - url is launched..!
2026-04-22 09:28:21 INFO  com.myntra.hooks.Hooks - Search for the various products like:eyeliner
2026-04-22 09:28:21 INFO  com.myntra.hooks.Hooks - products are displayed
2026-04-22 09:28:22 INFO  com.myntra.hooks.Hooks - Driver is Quit successfully....!
2026-04-22 09:28:25 INFO  com.myntra.hooks.Hooks - Browser is opened..!
2026-04-22 09:28:31 INFO  com.myntra.hooks.Hooks - url is launched..!
2026-04-22 09:28:35 INFO  com.myntra.hooks.Hooks - Search for the various products like:facewash
2026-04-22 09:28:35 INFO  com.myntra.hooks.Hooks - products are displayed
2026-04-22 09:28:36 INFO  com.myntra.hooks.Hooks - Driver is Quit successfully....!
2026-04-22 09:28:39 INFO  com.myntra.hooks.Hooks - Browser is opened..!
2026-04-22 09:28:45 INFO  com.myntra.hooks.Hooks - url is launched..!
2026-04-22 09:28:49 INFO  com.myntra.hooks.Hooks - Search for the various products like:moisturizer
2026-04-22 09:28:49 INFO  com.myntra.hooks.Hooks - products are displayed
2026-04-22 09:28:50 INFO  com.myntra.hooks.Hooks - Driver is Quit successfully....!
2026-04-22 09:28:52 INFO  com.myntra.hooks.Hooks - Browser is opened..!
2026-04-22 09:28:58 INFO  com.myntra.hooks.Hooks - url is launched..!
2026-04-22 09:29:02 INFO  com.myntra.hooks.Hooks - Search for the various products like:hair oil
2026-04-22 09:29:02 INFO  com.myntra.hooks.Hooks - products are displayed
2026-04-22 09:29:03 INFO  com.myntra.hooks.Hooks - Driver is Quit successfully....!
2026-04-22 09:29:06 INFO  com.myntra.hooks.Hooks - Browser is opened..!
2026-04-22 09:29:06 INFO  com.myntra.hooks.Hooks - url is launched..!
2026-04-22 09:29:18 INFO  com.myntra.hooks.Hooks - Search for the various products like:sunscreen
2026-04-22 09:29:18 INFO  com.myntra.hooks.Hooks - products are displayed
2026-04-22 09:29:19 INFO  com.myntra.hooks.Hooks - Driver is Quit successfully....!
2026-04-22 09:29:21 INFO  com.myntra.hooks.Hooks - Browser is opened..!
2026-04-22 09:29:27 INFO  com.myntra.hooks.Hooks - url is launched..!
2026-04-22 09:29:30 INFO  com.myntra.hooks.Hooks - Search for the various products like:body lotion
2026-04-22 09:29:30 INFO  com.myntra.hooks.Hooks - products are displayed
2026-04-22 09:29:31 INFO  com.myntra.hooks.Hooks - Driver is Quit successfully....!
2026-04-22 09:29:34 INFO  com.myntra.hooks.Hooks - Browser is opened..!
2026-04-22 09:29:34 INFO  com.myntra.hooks.Hooks - url is launched..!
2026-04-22 09:29:45 INFO  com.myntra.hooks.Hooks - Search for the various products like:nail polish
2026-04-22 09:29:45 INFO  com.myntra.hooks.Hooks - products are displayed
2026-04-22 09:29:47 INFO  com.myntra.hooks.Hooks - Driver is Quit successfully....!
2026-04-22 09:29:49 INFO  com.myntra.hooks.Hooks - Browser is opened..!
2026-04-22 09:29:52 INFO  com.myntra.hooks.Hooks - url is launched..!
2026-04-22 09:29:59 INFO  com.myntra.hooks.Hooks - Search for the various products like:mascara
2026-04-22 09:29:59 INFO  com.myntra.hooks.Hooks - products are displayed
2026-04-22 09:30:00 INFO  com.myntra.hooks.Hooks - Driver is Quit successfully....!
2026-04-22 09:30:03 INFO  com.myntra.hooks.Hooks - Browser is opened..!
2026-04-22 09:30:03 INFO  com.myntra.hooks.Hooks - url is launched..!
2026-04-22 09:30:14 INFO  com.myntra.hooks.Hooks - Search for the various products like:concealer
2026-04-22 09:30:14 INFO  com.myntra.hooks.Hooks - products are displayed
2026-04-22 09:30:15 INFO  com.myntra.hooks.Hooks - Driver is Quit successfully....!
2026-04-22 09:30:18 INFO  com.myntra.hooks.Hooks - Browser is opened..!
2026-04-22 09:30:19 INFO  com.myntra.hooks.Hooks - url is launched..!
2026-04-22 09:30:27 INFO  com.myntra.hooks.Hooks - Search for the various products like:blush
2026-04-22 09:30:27 INFO  com.myntra.hooks.Hooks - products are displayed
2026-04-22 09:30:29 INFO  com.myntra.hooks.Hooks - Driver is Quit successfully....!
2026-04-22 09:30:31 INFO  com.myntra.hooks.Hooks - Browser is opened..!
2026-04-22 09:30:31 INFO  com.myntra.hooks.Hooks - url is launched..!
2026-04-22 09:30:41 INFO  com.myntra.hooks.Hooks - Search for the various products like:eyeshadow
2026-04-22 09:30:42 INFO  com.myntra.hooks.Hooks - products are displayed
2026-04-22 09:30:43 INFO  com.myntra.hooks.Hooks - Driver is Quit successfully....!
2026-04-22 09:30:45 INFO  com.myntra.hooks.Hooks - Browser is opened..!
2026-04-22 09:30:45 INFO  com.myntra.hooks.Hooks - url is launched..!
2026-04-22 09:30:55 INFO  com.myntra.hooks.Hooks - Driver is Quit successfully....!
2026-04-22 09:30:57 INFO  com.myntra.hooks.Hooks - Browser is opened..!
2026-04-22 09:31:01 INFO  com.myntra.hooks.Hooks - url is launched..!
2026-04-22 09:31:07 INFO  com.myntra.hooks.Hooks - Driver is Quit successfully....!
2026-04-22 09:31:10 INFO  com.myntra.hooks.Hooks - Browser is opened..!
2026-04-22 09:31:15 INFO  com.myntra.hooks.Hooks - url is launched..!
2026-04-22 09:31:20 INFO  com.myntra.hooks.Hooks - Driver is Quit successfully....!
2026-04-22 09:31:23 INFO  com.myntra.hooks.Hooks - Browser is opened..!
2026-04-22 09:31:23 INFO  com.myntra.hooks.Hooks - url is launched..!
2026-04-22 09:31:30 INFO  com.myntra.hooks.Hooks - Driver is Quit successfully....!
2026-04-22 09:31:32 INFO  com.myntra.hooks.Hooks - Browser is opened..!
2026-04-22 09:31:36 INFO  com.myntra.hooks.Hooks - url is launched..!
2026-04-22 09:31:41 INFO  com.myntra.hooks.Hooks - user redirected on the login page when Tries to see WishList without Login
2026-04-22 09:31:42 INFO  com.myntra.hooks.Hooks - Driver is Quit successfully....!
2026-04-22 09:31:44 INFO  com.myntra.hooks.Hooks - Browser is opened..!
2026-04-22 09:31:47 INFO  com.myntra.hooks.Hooks - url is launched..!
2026-04-22 09:31:49 INFO  com.myntra.hooks.Hooks - Successfully click on ProfileIcon
2026-04-22 09:31:53 INFO  com.myntra.hooks.Hooks - Successfully click On ordersIcon
2026-04-22 09:31:53 INFO  com.myntra.hooks.Hooks - user redirected on the login page when Tries to see orders ist without login
2026-04-22 09:31:54 INFO  com.myntra.hooks.Hooks - Driver is Quit successfully....!
2026-04-22 09:34:40 INFO  com.myntra.hooks.Hooks - Browser is opened..!
2026-04-22 09:34:41 INFO  com.myntra.hooks.Hooks - url is launched..!
2026-04-22 09:34:59 INFO  com.myntra.hooks.Hooks - Search for the various products like:lipstick
2026-04-22 09:35:00 INFO  com.myntra.hooks.Hooks - products are displayed
2026-04-22 09:35:00 INFO  com.myntra.hooks.Hooks - Driver is Quit successfully....!
2026-04-22 09:35:04 INFO  com.myntra.hooks.Hooks - Browser is opened..!
2026-04-22 09:35:10 INFO  com.myntra.hooks.Hooks - url is launched..!
2026-04-22 09:41:50 INFO  com.myntra.hooks.Hooks - Browser is opened..!
2026-04-22 09:41:54 INFO  com.myntra.hooks.Hooks - url is launched..!
2026-04-22 09:42:04 INFO  com.myntra.hooks.Hooks - Search for the various products like:lipstick
2026-04-22 09:42:04 INFO  com.myntra.hooks.Hooks - products are displayed
2026-04-22 09:42:05 INFO  com.myntra.hooks.Hooks - Driver is Quit successfully....!
2026-04-22 09:42:09 INFO  com.myntra.hooks.Hooks - Browser is opened..!
2026-04-22 09:42:15 INFO  com.myntra.hooks.Hooks - url is launched..!
2026-04-22 09:42:21 INFO  com.myntra.hooks.Hooks - Search for the various products like:foundation
2026-04-22 09:42:21 INFO  com.myntra.hooks.Hooks - products are displayed
2026-04-22 09:42:22 INFO  com.myntra.hooks.Hooks - Driver is Quit successfully....!
2026-04-22 09:42:25 INFO  com.myntra.hooks.Hooks - Browser is opened..!
2026-04-22 09:42:28 INFO  com.myntra.hooks.Hooks - url is launched..!
2026-04-22 09:42:33 INFO  com.myntra.hooks.Hooks - Search for the various products like:shampoo
2026-04-22 09:42:33 INFO  com.myntra.hooks.Hooks - products are displayed
2026-04-22 09:42:34 INFO  com.myntra.hooks.Hooks - Driver is Quit successfully....!
2026-04-22 09:42:37 INFO  com.myntra.hooks.Hooks - Browser is opened..!
2026-04-22 09:42:37 INFO  com.myntra.hooks.Hooks - url is launched..!
2026-04-22 09:42:47 INFO  com.myntra.hooks.Hooks - Search for the various products like:perfume
2026-04-22 09:42:47 INFO  com.myntra.hooks.Hooks - products are displayed
2026-04-22 09:42:48 INFO  com.myntra.hooks.Hooks - Driver is Quit successfully....!
2026-04-22 09:42:51 INFO  com.myntra.hooks.Hooks - Browser is opened..!
2026-04-22 09:42:56 INFO  com.myntra.hooks.Hooks - url is launched..!
2026-04-22 09:43:00 INFO  com.myntra.hooks.Hooks - Search for the various products like:eyeliner
2026-04-22 09:43:00 INFO  com.myntra.hooks.Hooks - products are displayed
2026-04-22 09:43:01 INFO  com.myntra.hooks.Hooks - Driver is Quit successfully....!
2026-04-22 09:43:04 INFO  com.myntra.hooks.Hooks - Browser is opened..!
2026-04-22 09:43:09 INFO  com.myntra.hooks.Hooks - url is launched..!
2026-04-22 09:43:14 INFO  com.myntra.hooks.Hooks - Search for the various products like:facewash
2026-04-22 09:43:14 INFO  com.myntra.hooks.Hooks - products are displayed
2026-04-22 09:43:15 INFO  com.myntra.hooks.Hooks - Driver is Quit successfully....!
2026-04-22 09:43:17 INFO  com.myntra.hooks.Hooks - Browser is opened..!
2026-04-22 09:43:23 INFO  com.myntra.hooks.Hooks - url is launched..!
2026-04-22 09:43:28 INFO  com.myntra.hooks.Hooks - Search for the various products like:moisturizer
2026-04-22 09:43:28 INFO  com.myntra.hooks.Hooks - products are displayed
2026-04-22 09:43:29 INFO  com.myntra.hooks.Hooks - Driver is Quit successfully....!
2026-04-22 09:43:32 INFO  com.myntra.hooks.Hooks - Browser is opened..!
2026-04-22 09:43:36 INFO  com.myntra.hooks.Hooks - url is launched..!
2026-04-22 09:43:41 INFO  com.myntra.hooks.Hooks - Search for the various products like:hair oil
2026-04-22 09:43:42 INFO  com.myntra.hooks.Hooks - products are displayed
2026-04-22 09:43:43 INFO  com.myntra.hooks.Hooks - Driver is Quit successfully....!
2026-04-22 09:43:46 INFO  com.myntra.hooks.Hooks - Browser is opened..!
2026-04-22 09:43:49 INFO  com.myntra.hooks.Hooks - url is launched..!
2026-04-22 09:43:56 INFO  com.myntra.hooks.Hooks - Search for the various products like:sunscreen
2026-04-22 09:43:56 INFO  com.myntra.hooks.Hooks - products are displayed
2026-04-22 09:43:57 INFO  com.myntra.hooks.Hooks - Driver is Quit successfully....!
2026-04-22 09:44:00 INFO  com.myntra.hooks.Hooks - Browser is opened..!
2026-04-22 09:44:05 INFO  com.myntra.hooks.Hooks - url is launched..!
2026-04-22 09:44:10 INFO  com.myntra.hooks.Hooks - Search for the various products like:body lotion
2026-04-22 09:44:10 INFO  com.myntra.hooks.Hooks - products are displayed
2026-04-22 09:44:11 INFO  com.myntra.hooks.Hooks - Driver is Quit successfully....!
2026-04-22 09:44:13 INFO  com.myntra.hooks.Hooks - Browser is opened..!
2026-04-22 09:44:16 INFO  com.myntra.hooks.Hooks - url is launched..!
2026-04-22 09:44:25 INFO  com.myntra.hooks.Hooks - Search for the various products like:nail polish
2026-04-22 09:44:25 INFO  com.myntra.hooks.Hooks - products are displayed
2026-04-22 09:44:26 INFO  com.myntra.hooks.Hooks - Driver is Quit successfully....!
2026-04-22 09:44:28 INFO  com.myntra.hooks.Hooks - Browser is opened..!
2026-04-22 09:44:29 INFO  com.myntra.hooks.Hooks - url is launched..!
2026-04-22 09:44:39 INFO  com.myntra.hooks.Hooks - Search for the various products like:mascara
2026-04-22 09:44:39 INFO  com.myntra.hooks.Hooks - products are displayed
2026-04-22 09:44:40 INFO  com.myntra.hooks.Hooks - Driver is Quit successfully....!
2026-04-22 09:44:42 INFO  com.myntra.hooks.Hooks - Browser is opened..!
2026-04-22 09:44:48 INFO  com.myntra.hooks.Hooks - url is launched..!
2026-04-22 09:44:53 INFO  com.myntra.hooks.Hooks - Search for the various products like:concealer
2026-04-22 09:44:53 INFO  com.myntra.hooks.Hooks - products are displayed
2026-04-22 09:44:54 INFO  com.myntra.hooks.Hooks - Driver is Quit successfully....!
2026-04-22 09:44:57 INFO  com.myntra.hooks.Hooks - Browser is opened..!
2026-04-22 09:45:02 INFO  com.myntra.hooks.Hooks - url is launched..!
2026-04-22 09:45:05 INFO  com.myntra.hooks.Hooks - Search for the various products like:blush
2026-04-22 09:45:05 INFO  com.myntra.hooks.Hooks - products are displayed
2026-04-22 09:45:05 INFO  com.myntra.hooks.Hooks - Driver is Quit successfully....!
2026-04-22 09:45:08 INFO  com.myntra.hooks.Hooks - Browser is opened..!
2026-04-22 09:45:08 INFO  com.myntra.hooks.Hooks - url is launched..!
2026-04-22 09:45:19 INFO  com.myntra.hooks.Hooks - Search for the various products like:eyeshadow
2026-04-22 09:45:20 INFO  com.myntra.hooks.Hooks - products are displayed
2026-04-22 09:45:21 INFO  com.myntra.hooks.Hooks - Driver is Quit successfully....!
2026-04-22 09:45:23 INFO  com.myntra.hooks.Hooks - Browser is opened..!
2026-04-22 09:45:27 INFO  com.myntra.hooks.Hooks - url is launched..!
2026-04-22 09:45:31 INFO  com.myntra.hooks.Hooks - Driver is Quit successfully....!
2026-04-22 09:45:33 INFO  com.myntra.hooks.Hooks - Browser is opened..!
2026-04-22 09:45:37 INFO  com.myntra.hooks.Hooks - url is launched..!
2026-04-22 09:45:40 INFO  com.myntra.hooks.Hooks - Driver is Quit successfully....!
2026-04-22 09:45:42 INFO  com.myntra.hooks.Hooks - Browser is opened..!
2026-04-22 09:45:42 INFO  com.myntra.hooks.Hooks - url is launched..!
2026-04-22 09:45:49 INFO  com.myntra.hooks.Hooks - Driver is Quit successfully....!
2026-04-22 09:45:51 INFO  com.myntra.hooks.Hooks - Browser is opened..!
2026-04-22 09:45:51 INFO  com.myntra.hooks.Hooks - url is launched..!
2026-04-22 09:45:56 INFO  com.myntra.hooks.Hooks - Driver is Quit successfully....!
2026-04-22 09:45:58 INFO  com.myntra.hooks.Hooks - Browser is opened..!
2026-04-22 09:45:59 INFO  com.myntra.hooks.Hooks - url is launched..!
2026-04-22 09:46:05 INFO  com.myntra.hooks.Hooks - user redirected on the login page when Tries to see WishList without Login
2026-04-22 09:46:05 INFO  com.myntra.hooks.Hooks - Driver is Quit successfully....!
2026-04-22 09:46:07 INFO  com.myntra.hooks.Hooks - Browser is opened..!
2026-04-22 09:46:07 INFO  com.myntra.hooks.Hooks - url is launched..!
2026-04-22 09:46:11 INFO  com.myntra.hooks.Hooks - Successfully click on ProfileIcon
2026-04-22 09:46:14 INFO  com.myntra.hooks.Hooks - Successfully click On ordersIcon
2026-04-22 09:46:14 INFO  com.myntra.hooks.Hooks - user redirected on the login page when Tries to see orders ist without login
2026-04-22 09:46:15 INFO  com.myntra.hooks.Hooks - Driver is Quit successfully....!
2026-04-22 10:46:55 INFO  com.myntra.hooks.Hooks - Browser is opened..!
2026-04-22 10:46:58 INFO  com.myntra.hooks.Hooks - Browser is opened..!
2026-04-22 10:48:45 INFO  com.myntra.hooks.Hooks - Browser is opened..!
2026-04-22 10:48:47 INFO  com.myntra.hooks.Hooks - Browser is opened..!
2026-04-22 10:51:28 INFO  com.myntra.hooks.Hooks - Browser is opened..!
2026-04-22 10:51:32 INFO  com.myntra.hooks.Hooks - Browser is opened..!
2026-04-22 10:57:37 INFO  com.myntra.hooks.Hooks - Browser is opened..!
2026-04-22 10:57:39 INFO  com.myntra.hooks.Hooks - Browser is opened..!
2026-04-22 10:59:27 INFO  com.myntra.hooks.Hooks - Driver Quit successfully......!
2026-04-22 10:59:41 INFO  com.myntra.hooks.Hooks - Browser is opened..!
2026-04-22 10:59:45 INFO  com.myntra.hooks.Hooks - Browser is opened..!
2026-04-22 11:00:17 INFO  com.myntra.hooks.Hooks - click on goto bag to redirect on the cart page
2026-04-22 11:00:18 INFO  com.myntra.hooks.Hooks - InvalidPinMessage:Please enter a valid pincode.
2026-04-22 11:00:19 INFO  com.myntra.hooks.Hooks - Driver Quit successfully......!
2026-04-22 12:10:42 INFO  com.myntra.hooks.Hooks - Browser is opened..!
2026-04-22 12:10:48 INFO  com.myntra.hooks.Hooks - url is launched..!
2026-04-22 12:10:54 INFO  com.myntra.hooks.Hooks - Driver is Quit successfully....!
2026-04-22 12:10:57 INFO  com.myntra.hooks.Hooks - Browser is opened..!
2026-04-22 12:10:58 INFO  com.myntra.hooks.Hooks - url is launched..!
2026-04-22 12:11:09 INFO  com.myntra.hooks.Hooks - Driver is Quit successfully....!
2026-04-22 12:11:13 INFO  com.myntra.hooks.Hooks - Browser is opened..!
2026-04-22 12:11:13 INFO  com.myntra.hooks.Hooks - url is launched..!
2026-04-22 12:11:25 INFO  com.myntra.hooks.Hooks - Driver is Quit successfully....!
2026-04-22 12:19:57 INFO  com.myntra.hooks.Hooks - Browser is opened..!
2026-04-22 12:20:01 INFO  com.myntra.hooks.Hooks - url is launched..!
2026-04-22 12:20:24 INFO  com.myntra.hooks.Hooks - Driver is Quit successfully....!
2026-04-22 12:20:27 INFO  com.myntra.hooks.Hooks - Browser is opened..!
2026-04-22 12:20:32 INFO  com.myntra.hooks.Hooks - url is launched..!
2026-04-22 12:20:47 INFO  com.myntra.hooks.Hooks - Driver is Quit successfully....!
2026-04-22 12:20:49 INFO  com.myntra.hooks.Hooks - Browser is opened..!
2026-04-22 12:20:53 INFO  com.myntra.hooks.Hooks - url is launched..!
2026-04-22 12:21:07 INFO  com.myntra.hooks.Hooks - Driver is Quit successfully....!
2026-04-22 12:22:21 INFO  com.myntra.hooks.Hooks - Browser is opened..!
2026-04-22 12:22:26 INFO  com.myntra.hooks.Hooks - url is launched..!
2026-04-22 12:22:36 INFO  com.myntra.stepdefine.ProductDetailsPageTestSteps - passed successfully
2026-04-22 12:22:37 INFO  com.myntra.hooks.Hooks - Driver is Quit successfully....!
2026-04-22 12:22:39 INFO  com.myntra.hooks.Hooks - Browser is opened..!
2026-04-22 12:22:39 INFO  com.myntra.hooks.Hooks - url is launched..!
2026-04-22 12:22:54 INFO  com.myntra.hooks.Hooks - Driver is Quit successfully....!
2026-04-22 12:22:56 INFO  com.myntra.hooks.Hooks - Browser is opened..!
2026-04-22 12:23:00 INFO  com.myntra.hooks.Hooks - url is launched..!
2026-04-22 12:23:18 INFO  com.myntra.hooks.Hooks - Driver is Quit successfully....!
2026-04-22 12:23:20 INFO  com.myntra.hooks.Hooks - Browser is opened..!
2026-04-22 12:23:24 INFO  com.myntra.hooks.Hooks - url is launched..!
2026-04-22 12:23:38 INFO  com.myntra.hooks.Hooks - Driver is Quit successfully....!
2026-04-22 12:30:10 INFO  com.myntra.hooks.Hooks - Browser is opened..!
2026-04-22 12:30:16 INFO  com.myntra.hooks.Hooks - url is launched..!
2026-04-22 12:30:27 INFO  com.myntra.stepdefine.ProductDetailsPageTestSteps - Actual brand of product:Maybelline
2026-04-22 12:30:27 INFO  com.myntra.stepdefine.ProductDetailsPageTestSteps - Actual breadcrumb of product:Home/Personal Care/Women Personal Care/Lipstick/Maybelline Lipstick>More By Maybelline
2026-04-22 12:30:27 INFO  com.myntra.stepdefine.ProductDetailsPageTestSteps - passed successfully
2026-04-22 12:30:27 INFO  com.myntra.hooks.Hooks - Driver is Quit successfully....!
2026-04-22 12:32:27 INFO  com.myntra.hooks.Hooks - Browser is opened..!
2026-04-22 12:32:28 INFO  com.myntra.hooks.Hooks - url is launched..!
2026-04-22 12:32:36 INFO  com.myntra.stepdefine.ProductDetailsPageTestSteps - expected text of product:4.4
|
12.7k
AD
Maybelline
Superstay Teddy Tint LipColour
Rs. 711Rs. 749(5% OFF)
2026-04-22 12:32:37 INFO  com.myntra.stepdefine.ProductDetailsPageTestSteps - click second product:4.4
|
12.7k
AD
Maybelline
Superstay Teddy Tint LipColour
Rs. 711Rs. 749(5% OFF)
2026-04-22 12:32:42 INFO  com.myntra.stepdefine.ProductDetailsPageTestSteps - Actual brand of product:Maybelline
2026-04-22 12:32:42 INFO  com.myntra.stepdefine.ProductDetailsPageTestSteps - Actual breadcrumb of product:Home/Personal Care/Women Personal Care/Lipstick/Maybelline Lipstick>More By Maybelline
2026-04-22 12:32:42 INFO  com.myntra.stepdefine.ProductDetailsPageTestSteps - passed successfully
2026-04-22 12:32:42 INFO  com.myntra.hooks.Hooks - Driver is Quit successfully....!
2026-04-22 12:40:10 INFO  com.myntra.hooks.Hooks - Browser is opened..!
2026-04-22 12:40:11 INFO  com.myntra.hooks.Hooks - url is launched..!
2026-04-22 12:40:19 INFO  com.myntra.stepdefine.ProductDetailsPageTestSteps - expected text of product:4.4
|
12.7k
AD
Maybelline
Superstay Teddy Tint LipColour
Rs. 711Rs. 749(5% OFF)
2026-04-22 12:40:20 INFO  com.myntra.stepdefine.ProductDetailsPageTestSteps - click second product:4.4
|
12.7k
AD
Maybelline
Superstay Teddy Tint LipColour
Rs. 711Rs. 749(5% OFF)
2026-04-22 12:40:25 INFO  com.myntra.stepdefine.ProductDetailsPageTestSteps - Product Detail Page Opens:
2026-04-22 12:40:25 INFO  com.myntra.stepdefine.ProductDetailsPageTestSteps - Actual brand of product:Maybelline
2026-04-22 12:40:25 INFO  com.myntra.stepdefine.ProductDetailsPageTestSteps - Actual breadcrumb of product:Home/Personal Care/Women Personal Care/Lipstick/Maybelline Lipstick>More By Maybelline
2026-04-22 12:40:25 INFO  com.myntra.stepdefine.ProductDetailsPageTestSteps - passed successfully....!!!!!!
2026-04-22 12:40:26 INFO  com.myntra.hooks.Hooks - Driver is Quit successfully....!
2026-04-22 12:40:29 INFO  com.myntra.hooks.Hooks - Browser is opened..!
2026-04-22 12:40:34 INFO  com.myntra.hooks.Hooks - url is launched..!
2026-04-22 12:40:40 INFO  com.myntra.stepdefine.ProductDetailsPageTestSteps - expected text of product:4.4
|
12.7k
AD
Maybelline
Superstay Teddy Tint LipColour
Rs. 711Rs. 749(5% OFF)
2026-04-22 12:40:42 INFO  com.myntra.stepdefine.ProductDetailsPageTestSteps - click second product:4.4
|
12.7k
AD
Maybelline
Superstay Teddy Tint LipColour
Rs. 711Rs. 749(5% OFF)
2026-04-22 12:40:49 INFO  com.myntra.stepdefine.ProductDetailsPageTestSteps - Product Detail Page Opens:
2026-04-22 12:40:50 INFO  com.myntra.hooks.Hooks - Driver is Quit successfully....!
2026-04-22 12:40:52 INFO  com.myntra.hooks.Hooks - Browser is opened..!
2026-04-22 12:40:54 INFO  com.myntra.hooks.Hooks - url is launched..!
2026-04-22 12:41:00 INFO  com.myntra.stepdefine.ProductDetailsPageTestSteps - expected text of product:4.4
|
12.7k
AD
Maybelline
Superstay Teddy Tint LipColour
Rs. 711Rs. 749(5% OFF)
2026-04-22 12:41:01 INFO  com.myntra.stepdefine.ProductDetailsPageTestSteps - click second product:4.4
|
12.7k
AD
Maybelline
Superstay Teddy Tint LipColour
Rs. 711Rs. 749(5% OFF)
2026-04-22 12:41:06 INFO  com.myntra.stepdefine.ProductDetailsPageTestSteps - Product Detail Page Opens:
2026-04-22 12:41:09 INFO  com.myntra.stepdefine.ProductDetailsPageTestSteps - shade selected...!!!!
2026-04-22 12:41:10 INFO  com.myntra.stepdefine.ProductDetailsPageTestSteps - add to bag button click:
2026-04-22 12:41:11 INFO  com.myntra.stepdefine.ProductDetailsPageTestSteps - product is added to the bag:
2026-04-22 12:41:11 INFO  com.myntra.hooks.Hooks - Driver is Quit successfully....!
2026-04-22 12:41:14 INFO  com.myntra.hooks.Hooks - Browser is opened..!
2026-04-22 12:41:14 INFO  com.myntra.hooks.Hooks - url is launched..!
2026-04-22 12:41:22 INFO  com.myntra.stepdefine.ProductDetailsPageTestSteps - expected text of product:4.4
|
12.7k
AD
Maybelline
Superstay Teddy Tint LipColour
Rs. 711Rs. 749(5% OFF)
2026-04-22 12:41:23 INFO  com.myntra.stepdefine.ProductDetailsPageTestSteps - click second product:4.4
|
12.7k
AD
Maybelline
Superstay Teddy Tint LipColour
Rs. 711Rs. 749(5% OFF)
2026-04-22 12:41:28 INFO  com.myntra.stepdefine.ProductDetailsPageTestSteps - Product Detail Page Opens:
2026-04-22 12:41:32 INFO  com.myntra.stepdefine.ProductDetailsPageTestSteps - user click on wishlist button to add product to wishlist without login:
2026-04-22 12:41:32 INFO  com.myntra.stepdefine.ProductDetailsPageTestSteps - user on the login page....!!!!
2026-04-22 12:41:33 INFO  com.myntra.hooks.Hooks - Driver is Quit successfully....!
2026-04-22 14:44:57 INFO  com.myntra.hooks.Hooks - Browser is opened..!
2026-04-22 14:45:03 INFO  com.myntra.hooks.Hooks - url is launched..!
2026-04-22 14:45:15 INFO  com.myntra.stepdefine.ProductDetailsPageTestSteps - expected text of product:4.4
|
245.3k
Lakme
Powerplay Priming Lipstick
Rs. 377Rs. 650(42% OFF)
2026-04-22 14:45:18 INFO  com.myntra.stepdefine.ProductDetailsPageTestSteps - click second product:4.4
|
245.3k
Lakme
Powerplay Priming Lipstick
Rs. 377Rs. 650(42% OFF)
2026-04-22 14:45:24 INFO  com.myntra.stepdefine.ProductDetailsPageTestSteps - Product Detail Page Opens:
2026-04-22 14:48:57 INFO  com.myntra.stepdefine.ProductDetailsPageTestSteps - Invalid pins found: [389602, 321355, 372945, 764009, 599382, 133829, 319196, 355424, 600938, 528696]
2026-04-22 14:48:57 INFO  com.myntra.stepdefine.ProductDetailsPageTestSteps - Valid pins found: []
2026-04-22 14:48:58 INFO  com.myntra.hooks.Hooks - Driver is Quit successfully....!
2026-04-22 15:07:00 INFO  com.myntra.hooks.Hooks - Browser is opened..!
2026-04-22 15:07:04 INFO  com.myntra.hooks.Hooks - url is launched..!
2026-04-22 15:07:15 INFO  com.myntra.stepdefine.ProductDetailsPageTestSteps - expected text of product:4.4
|
245.4k
Lakme
Powerplay Priming Lipstick
Rs. 377Rs. 650(42% OFF)
2026-04-22 15:07:20 INFO  com.myntra.stepdefine.ProductDetailsPageTestSteps - click second product:4.4
|
245.4k
Lakme
Powerplay Priming Lipstick
Rs. 377Rs. 650(42% OFF)
2026-04-22 15:07:25 INFO  com.myntra.stepdefine.ProductDetailsPageTestSteps - Product Detail Page Opens:
2026-04-22 15:07:34 INFO  com.myntra.stepdefine.ProductDetailsPageTestSteps - click on goto bag to redirect on the cart page
2026-04-22 15:07:35 INFO  com.myntra.stepdefine.ProductDetailsPageTestSteps - InvalidPinMessage:Please enter a valid pincode.
2026-04-22 15:07:36 INFO  com.myntra.hooks.Hooks - Driver is Quit successfully....!
2026-04-22 15:11:17 INFO  com.myntra.hooks.Hooks - Browser is opened..!
2026-04-22 15:11:21 INFO  com.myntra.hooks.Hooks - Browser is opened..!
2026-04-22 15:11:42 INFO  com.myntra.hooks.Hooks - product count in the bag:1
2026-04-22 15:11:50 INFO  com.myntra.hooks.Hooks - product count in the bag:2
2026-04-22 15:11:56 INFO  com.myntra.hooks.Hooks - product count in the bag:3
2026-04-22 15:12:02 INFO  com.myntra.hooks.Hooks - product count in the bag:4
2026-04-22 15:12:08 INFO  com.myntra.hooks.Hooks - product count in the bag:5
2026-04-22 15:12:09 INFO  com.myntra.hooks.Hooks - Driver Quit successfully......!
2026-04-22 15:29:11 INFO  com.myntra.hooks.Hooks - Browser is opened..!
2026-04-22 15:29:24 INFO  com.myntra.hooks.Hooks - url is launched..!
2026-04-22 15:29:32 INFO  com.myntra.hooks.Hooks - Driver is Quit successfully....!
2026-04-22 15:30:26 INFO  com.myntra.hooks.Hooks - Browser is opened..!
2026-04-22 15:30:39 INFO  com.myntra.hooks.Hooks - url is launched..!
2026-04-22 15:31:00 INFO  com.myntra.stepdefine.ProductDetailsPageTestSteps - product count in the bag:0
2026-04-22 15:31:13 INFO  com.myntra.stepdefine.ProductDetailsPageTestSteps - product count in the bag:1
2026-04-22 15:31:24 INFO  com.myntra.stepdefine.ProductDetailsPageTestSteps - product count in the bag:2
2026-04-22 15:31:36 INFO  com.myntra.stepdefine.ProductDetailsPageTestSteps - product count in the bag:3
2026-04-22 15:31:49 INFO  com.myntra.stepdefine.ProductDetailsPageTestSteps - product count in the bag:4
2026-04-22 15:31:50 INFO  com.myntra.hooks.Hooks - Driver is Quit successfully....!
2026-04-22 15:32:53 INFO  com.myntra.hooks.Hooks - Browser is opened..!
2026-04-22 15:33:17 INFO  com.myntra.hooks.Hooks - Browser is opened..!
2026-04-22 15:34:40 INFO  com.myntra.hooks.Hooks - product count in the bag:0
2026-04-22 15:34:55 INFO  com.myntra.hooks.Hooks - product count in the bag:1
2026-04-22 15:35:12 INFO  com.myntra.hooks.Hooks - product count in the bag:2
2026-04-22 15:35:24 INFO  com.myntra.hooks.Hooks - product count in the bag:3
2026-04-22 15:35:39 INFO  com.myntra.hooks.Hooks - product count in the bag:4
2026-04-22 15:35:40 INFO  com.myntra.hooks.Hooks - Driver Quit successfully......!
2026-04-22 15:36:42 INFO  com.myntra.hooks.Hooks - Browser is opened..!
2026-04-22 15:36:46 INFO  com.myntra.hooks.Hooks - Browser is opened..!
2026-04-22 15:37:04 INFO  com.myntra.hooks.Hooks - product count in the bag:1
2026-04-22 15:37:10 INFO  com.myntra.hooks.Hooks - product count in the bag:2
2026-04-22 15:37:18 INFO  com.myntra.hooks.Hooks - product count in the bag:3
2026-04-22 15:37:24 INFO  com.myntra.hooks.Hooks - product count in the bag:3
2026-04-22 15:37:31 INFO  com.myntra.hooks.Hooks - product count in the bag:4
2026-04-22 15:37:32 INFO  com.myntra.hooks.Hooks - Driver Quit successfully......!
2026-04-22 15:38:16 INFO  com.myntra.hooks.Hooks - Browser is opened..!
2026-04-22 15:38:19 INFO  com.myntra.hooks.Hooks - Browser is opened..!
2026-04-22 15:38:37 INFO  com.myntra.hooks.Hooks - product count in the bag:1
2026-04-22 15:38:43 INFO  com.myntra.hooks.Hooks - product count in the bag:2
2026-04-22 15:38:49 INFO  com.myntra.hooks.Hooks - product count in the bag:3
2026-04-22 15:38:55 INFO  com.myntra.hooks.Hooks - product count in the bag:4
2026-04-22 15:39:01 INFO  com.myntra.hooks.Hooks - product count in the bag:5
2026-04-22 15:39:02 INFO  com.myntra.hooks.Hooks - Driver Quit successfully......!
2026-04-22 15:39:22 INFO  com.myntra.hooks.Hooks - Browser is opened..!
2026-04-22 15:39:27 INFO  com.myntra.hooks.Hooks - url is launched..!
2026-04-22 15:39:38 INFO  com.myntra.stepdefine.ProductDetailsPageTestSteps - product count in the bag:1
2026-04-22 15:39:44 INFO  com.myntra.stepdefine.ProductDetailsPageTestSteps - product count in the bag:2
2026-04-22 15:39:50 INFO  com.myntra.stepdefine.ProductDetailsPageTestSteps - product count in the bag:3
2026-04-22 15:39:56 INFO  com.myntra.stepdefine.ProductDetailsPageTestSteps - product count in the bag:4
2026-04-22 15:40:03 INFO  com.myntra.stepdefine.ProductDetailsPageTestSteps - product count in the bag:5
2026-04-22 15:40:03 INFO  com.myntra.hooks.Hooks - Driver is Quit successfully....!
2026-04-22 15:45:27 INFO  com.myntra.hooks.Hooks - Browser is opened..!
2026-04-22 15:45:32 INFO  com.myntra.hooks.Hooks - url is launched..!
2026-04-22 15:45:34 INFO  com.myntra.hooks.Hooks - Driver is Quit successfully....!
